Step: build-step-credential-initializer:

{"level":"warn","ts":1551728780.5573523,"logger":"fallback-logger","caller":"logging/config.go:65","msg":"Fetch GitHub commit ID from kodata failed: \"ref: refs/heads/test\" is not a valid GitHub commit ID"}
{"level":"info","ts":1551728780.5579247,"logger":"fallback-logger","caller":"creds-init/main.go:40","msg":"Credentials initialized."}
Step: build-step-git-source-0:

{"level":"warn","ts":1551728782.7680194,"logger":"fallback-logger","caller":"logging/config.go:65","msg":"Fetch GitHub commit ID from kodata failed: \"ref: refs/heads/test\" is not a valid GitHub commit ID"}
{"level":"info","ts":1551728783.3466918,"logger":"fallback-logger","caller":"git-init/main.go:92","msg":"Successfully cloned \"https://github.com/jenkinsxworkshop/gomar4serverless.git\" @ \"f5bbf93161d5aa6d1234e9aabb869ebdc75f2863\" in path \"/workspace\""}
Step: build-step-jenkins:

Picked up _JAVA_OPTIONS: -Xmx400m
Started
Running in Durability level: PERFORMANCE_OPTIMIZED
  19.849 [id=34]	WARNING	i.f.k.c.i.VersionUsageUtils#alert: The client is using resource type 'customresourcedefinitions' with unstable version 'v1beta1'
[Pipeline] node
Running on Jenkins in /tmp/jenkinsTests.tmp/jenkins433722579153414006test/workspace/job
[Pipeline] {
[Pipeline] stage
[Pipeline] { (Declarative: Checkout SCM)
[Pipeline] checkout
[Pipeline] }
[Pipeline] // stage
[Pipeline] withCredentials
[Pipeline] {
[Pipeline] withEnv
[Pipeline] {
[Pipeline] stage
[Pipeline] { (CI Build and push snapshot)
[Pipeline] withEnv
[Pipeline] {
[Pipeline] dir
Running in /home/jenkins/go/src/github.com/jenkinsxworkshop/gomar4serverless
[Pipeline] {
[Pipeline] checkout
[Pipeline] sh
+ make linux
CGO_ENABLED=0 GOOS=linux GOARCH=amd64 GO15VENDOREXPERIMENT=1 go build -ldflags '' -o bin/gomar4serverless main.go
[Pipeline] sh
+ export VERSION=0.0.0-SNAPSHOT-PR-1-1
+ skaffold build -f skaffold.yaml
time="2019-03-04T19:49:09Z" level=warning msg="config version (skaffold/v1beta2) out of date: upgrading to latest (skaffold/v1beta3)"
Starting build...
Building [changeme]...
Sending build context to Docker daemon  525.8kBSending build context to Docker daemon  6.502MB
Step 1/4 : FROM scratch
 ---> 
Step 2/4 : EXPOSE 8080
 ---> Running in ed9e173e164f
 ---> 852b90cdf2c0
Step 3/4 : ENTRYPOINT /gomar4serverless
 ---> Running in f1b7d6d136d7
 ---> 09e3f9663a94
Step 4/4 : COPY ./bin/ /
 ---> a093bd6e5ec1
Successfully built a093bd6e5ec1
The push refers to a repository [10.11.255.125:5000/jenkinsxworkshop/gomar4serverless]
44e72b98beee: Preparing
44e72b98beee: Pushed
0.0.0-SNAPSHOT-PR-1-1: digest: sha256:7e47fe578f5a8f69b467631255dae03a599e957ce4c8be45a836c7caeb9091f0 size: 528
Build complete in 1.873545397s
Starting test...
Test complete in 6.886µs
changeme -> 10.11.255.125:5000/jenkinsxworkshop/gomar4serverless:0.0.0-SNAPSHOT-PR-1-1
There is a new version (0.24.0) of skaffold available. Download it at https://storage.googleapis.com/skaffold/releases/latest/skaffold-linux-amd64

[Pipeline] sh
+ jx step post build --image 10.11.255.125:5000/jenkinsxworkshop/gomar4serverless:0.0.0-SNAPSHOT-PR-1-1
[Pipeline] }
[Pipeline] // dir
[Pipeline] dir
Running in /home/jenkins/go/src/github.com/jenkinsxworkshop/gomar4serverless/charts/preview
[Pipeline] {
[Pipeline] sh
+ make preview
sed -i -e "s/version:.*/version: 0.0.0-SNAPSHOT-PR-1-1/" Chart.yaml
sed -i -e "s/version:.*/version: 0.0.0-SNAPSHOT-PR-1-1/" ../*/Chart.yaml
sed -i -e "s|repository:.*|repository: 10.11.255.125:5000\/jenkinsxworkshop\/gomar4serverless|" values.yaml
sed -i -e "s/tag:.*/tag: 0.0.0-SNAPSHOT-PR-1-1/" values.yaml
echo "  version: 0.0.0-SNAPSHOT-PR-1-1" >> requirements.yaml
jx step helm build
No $CHART_REPOSITORY defined so using the default value of: http://jenkins-x-chartmuseum:8080
Adding missing Helm repo: jenkins-x http://chartmuseum.jenkins-x.io
Successfully added Helm repository jenkins-x.
Adding missing Helm repo: releases http://jenkins-x-chartmuseum:8080
Successfully added Helm repository releases.
[Pipeline] sh
+ jx preview --app gomar4serverless --dir ../..
Creating a preview
Commit author email is empty for: f5bbf93161d5aa6d1234e9aabb869ebdc75f2863
Looking for commits in: /home/jenkins/go/src/github.com/jenkinsxworkshop/gomar4serverless/
Found commit author match for: powerofcontinuity with email address: 47534971+powerofcontinuity@users.noreply.github.com
Created environment jenkinsxworkshop-gomar4serverless-pr-1
Namespace jx-jenkinsxworkshop-gomar4serverless-pr-1 created 
 expose:
  Annotations:
    helm.sh/hook: post-install,post-upgrade
    helm.sh/hook-delete-policy: hook-succeeded
  config:
    domain: 35.197.126.19.nip.io
    exposer: Ingress
    http: "true"
preview:
  image:
    repository: 10.11.255.125:5000/jenkinsxworkshop/gomar4serverless
    tag: 0.0.0-SNAPSHOT-PR-1-1
Failed to update PipelineActivities jenkinsxworkshop-gomar4serverless-pr-1-1: the namespace of the object (jx-jenkinsxworkshop-gomar4serverless-pr-1) does not match the namespace on the request (jx)
Preview application is now available at: http://gomar4serverless.jx-jenkinsxworkshop-gomar4serverless-pr-1.35.197.126.19.nip.io

[Pipeline] }
[Pipeline] // dir
[Pipeline] }
[Pipeline] // withEnv
[Pipeline] }
[Pipeline] // stage
[Pipeline] stage
[Pipeline] { (Build Release)
Stage "Build Release" skipped due to when conditional
[Pipeline] }
[Pipeline] // stage
[Pipeline] stage
[Pipeline] { (Promote to Environments)
Stage "Promote to Environments" skipped due to when conditional
[Pipeline] }
[Pipeline] // stage
[Pipeline] }
[Pipeline] // withEnv
[Pipeline] }
[Pipeline] // withCredentials
[Pipeline] }
[Pipeline] // node
[Pipeline] End of Pipeline
Finished: SUCCESS
