Step: build-step-credential-initializer:

{"level":"warn","ts":1551728563.7985168,"logger":"fallback-logger","caller":"logging/config.go:65","msg":"Fetch GitHub commit ID from kodata failed: \"ref: refs/heads/test\" is not a valid GitHub commit ID"}
{"level":"info","ts":1551728563.799639,"logger":"fallback-logger","caller":"creds-init/main.go:40","msg":"Credentials initialized."}
Step: build-step-git-source-0:

{"level":"warn","ts":1551728566.5196862,"logger":"fallback-logger","caller":"logging/config.go:65","msg":"Fetch GitHub commit ID from kodata failed: \"ref: refs/heads/test\" is not a valid GitHub commit ID"}
{"level":"info","ts":1551728566.747173,"logger":"fallback-logger","caller":"git-init/main.go:92","msg":"Successfully cloned \"https://github.com/jenkinsxworkshop/gomar4serverless.git\" @ \"master\" in path \"/workspace\""}
Step: build-step-jenkins:

Picked up _JAVA_OPTIONS: -Xmx400m
Started
Running in Durability level: PERFORMANCE_OPTIMIZED
  19.824 [id=31]	WARNING	i.f.k.c.i.VersionUsageUtils#alert: The client is using resource type 'customresourcedefinitions' with unstable version 'v1beta1'
[Pipeline] node
Running on Jenkins in /tmp/jenkinsTests.tmp/jenkins3176563049645218277test/workspace/job
[Pipeline] {
[Pipeline] stage
[Pipeline] { (Declarative: Checkout SCM)
[Pipeline] checkout
[Pipeline] }
[Pipeline] // stage
[Pipeline] withCredentials
[Pipeline] {
[Pipeline] withEnv
[Pipeline] {
[Pipeline] stage
[Pipeline] { (CI Build and push snapshot)
Stage "CI Build and push snapshot" skipped due to when conditional
[Pipeline] }
[Pipeline] // stage
[Pipeline] stage
[Pipeline] { (Build Release)
[Pipeline] dir
Running in /home/jenkins/go/src/github.com/jenkinsxworkshop/gomar4serverless
[Pipeline] {
[Pipeline] git
Cloning the remote Git repository
Cloning repository https://github.com/jenkinsxworkshop/gomar4serverless.git
 > git init /home/jenkins/go/src/github.com/jenkinsxworkshop/gomar4serverless # timeout=10
Fetching upstream changes from https://github.com/jenkinsxworkshop/gomar4serverless.git
 > git --version # timeout=10
 > git fetch --tags --progress https://github.com/jenkinsxworkshop/gomar4serverless.git +refs/heads/*:refs/remotes/origin/*
 > git config remote.origin.url https://github.com/jenkinsxworkshop/gomar4serverless.git # timeout=10
 > git config --add remote.origin.fetch +refs/heads/*:refs/remotes/origin/* # timeout=10
 > git config remote.origin.url https://github.com/jenkinsxworkshop/gomar4serverless.git # timeout=10
Fetching upstream changes from https://github.com/jenkinsxworkshop/gomar4serverless.git
 > git fetch --tags --progress https://github.com/jenkinsxworkshop/gomar4serverless.git +refs/heads/*:refs/remotes/origin/*
 > git rev-parse refs/remotes/origin/master^{commit} # timeout=10
 > git rev-parse refs/remotes/origin/origin/master^{commit} # timeout=10
Checking out Revision 28bfd6197acdb954f6b262e6f51745bf11f2fd67 (refs/remotes/origin/master)
 > git config core.sparsecheckout # timeout=10
 > git checkout -f 28bfd6197acdb954f6b262e6f51745bf11f2fd67
 > git branch -a -v --no-abbrev # timeout=10
 > git checkout -b master 28bfd6197acdb954f6b262e6f51745bf11f2fd67
Commit message: "Draft create"
First time build. Skipping changelog.
[Pipeline] sh
+ jx-release-version
+ echo 0.0.1
[Pipeline] sh
+ cat VERSION
+ jx step tag --version 0.0.1
Tag v0.0.1 created and pushed to remote origin
[Pipeline] sh
+ make build
CGO_ENABLED=0 GO15VENDOREXPERIMENT=1 go build -ldflags '' -o bin/gomar4serverless main.go
[Pipeline] sh
+ cat VERSION
+ export VERSION=0.0.1
+ skaffold build -f skaffold.yaml
time="2019-03-04T19:45:32Z" level=warning msg="config version (skaffold/v1beta2) out of date: upgrading to latest (skaffold/v1beta3)"
Starting build...
Building [changeme]...
Sending build context to Docker daemon  525.8kBSending build context to Docker daemon  6.502MB
Step 1/4 : FROM scratch
 ---> 
Step 2/4 : EXPOSE 8080
 ---> Running in 497e002e9963
 ---> 88c82f71074d
Step 3/4 : ENTRYPOINT /gomar4serverless
 ---> Running in 9c503bc85cc8
 ---> 61eff2203f13
Step 4/4 : COPY ./bin/ /
 ---> ab29638076ef
Successfully built ab29638076ef
The push refers to a repository [10.11.255.125:5000/jenkinsxworkshop/gomar4serverless]
eefaacd31c69: Preparing
eefaacd31c69: Pushed
0.0.1: digest: sha256:75e27e5f46fdd94b785bf4c0cc3f2d358f7b1da064670bbf1059f224f14bef3c size: 528
Build complete in 1.702992587s
Starting test...
Test complete in 7.201µs
changeme -> 10.11.255.125:5000/jenkinsxworkshop/gomar4serverless:0.0.1
There is a new version (0.24.0) of skaffold available. Download it at https://storage.googleapis.com/skaffold/releases/latest/skaffold-linux-amd64

[Pipeline] sh
+ cat VERSION
+ jx step post build --image 10.11.255.125:5000/jenkinsxworkshop/gomar4serverless:0.0.1
[Pipeline] }
[Pipeline] // dir
[Pipeline] }
[Pipeline] // stage
[Pipeline] stage
[Pipeline] { (Promote to Environments)
[Pipeline] dir
Running in /home/jenkins/go/src/github.com/jenkinsxworkshop/gomar4serverless/charts/gomar4serverless
[Pipeline] {
[Pipeline] sh
+ cat ../../VERSION
+ jx step changelog --version v0.0.1
Using batch mode as inside a pipeline
Generating change log from git ref 28bfd6197acdb954f6b262e6f51745bf11f2fd67 => d184fe2bdd73d119acb4d4f91604c06c5672bb75
Failed to enrich commits with issues: User.jenkins.io "" is invalid: metadata.name: Required value: name or generateName is required
Failed to enrich commits with issues: User.jenkins.io "" is invalid: metadata.name: Required value: name or generateName is required
Finding issues in commit messages using git format
No release found for jenkinsxworkshop/gomar4serverless and tag v0.0.1 so creating a new release
Updated the release information at https://github.com/jenkinsxworkshop/gomar4serverless/releases/tag/v0.0.1
generated: /home/jenkins/go/src/github.com/jenkinsxworkshop/gomar4serverless/charts/gomar4serverless/templates/release.yaml
Created Release gomar4serverless-0-0-1 resource in namespace jx
Updating PipelineActivity jenkinsxworkshop-gomar4serverless-master-1 with version 0.0.1
Updated PipelineActivities jenkinsxworkshop-gomar4serverless-master-1 with release notes URL: https://github.com/jenkinsxworkshop/gomar4serverless/releases/tag/v0.0.1
[Pipeline] sh
+ jx step helm release
No $CHART_REPOSITORY defined so using the default value of: http://jenkins-x-chartmuseum:8080
Adding missing Helm repo: jenkins-x http://chartmuseum.jenkins-x.io
Successfully added Helm repository jenkins-x.
Adding missing Helm repo: releases http://jenkins-x-chartmuseum:8080
Successfully added Helm repository releases.
No $CHART_REPOSITORY defined so using the default value of: http://jenkins-x-chartmuseum:8080
Uploading chart file gomar4serverless-0.0.1.tgz to http://jenkins-x-chartmuseum:8080/api/charts
Received 201 response: {"saved":true}
[Pipeline] sh
+ cat ../../VERSION
+ jx promote -b --all-auto --timeout 1h --version 0.0.1
prow based install so skip waiting for the merge of Pull Requests to go green as currently there is an issue with gettingstatuses from the PR, see https://github.com/jenkins-x/jx/issues/2410
Promoting app gomar4serverless version 0.0.1 to namespace jx-staging
Created Pull Request: https://github.com/jenkinsxworkshop/environment-mar4serverless-staging/pull/1

Pull Request https://github.com/jenkinsxworkshop/environment-mar4serverless-staging/pull/1 is merged at sha 9fc1a334c2defed3e87e6a1ac06fc73ac17ef11c
Pull Request merged but we are not waiting for the update pipeline to complete!
Could not find the service URL in namespace jx-staging for names gomar4serverless, jx-gomar4serverless, jx-staging-gomar4serverless
[Pipeline] }
[Pipeline] // dir
[Pipeline] }
[Pipeline] // stage
[Pipeline] }
[Pipeline] // withEnv
[Pipeline] }
[Pipeline] // withCredentials
[Pipeline] }
[Pipeline] // node
[Pipeline] End of Pipeline
Finished: SUCCESS
